{
  "RSpec": {
    "coverage": {
      "/home/rently-coimbatore/my_rails_app/app/controllers/application_controller.rb": {
        "lines": [
          1,
          1,
          null,
          1,
          null,
          1,
          0,
          null,
          null,
          0,
          null,
          null,
          null
        ],
        "branches": {}
      },
      "/home/rently-coimbatore/my_rails_app/app/helpers/application_helper.rb": {
        "lines": [
          1,
          null
        ],
        "branches": {}
      },
      "/home/rently-coimbatore/my_rails_app/app/helpers/bookings_helper.rb": {
        "lines": [
          1,
          null
        ],
        "branches": {}
      },
      "/home/rently-coimbatore/my_rails_app/app/helpers/cars_helper.rb": {
        "lines": [
          1,
          null
        ],
        "branches": {}
      },
      "/home/rently-coimbatore/my_rails_app/app/helpers/garage_booking_helper.rb": {
        "lines": [
          1,
          null
        ],
        "branches": {}
      },
      "/home/rently-coimbatore/my_rails_app/app/helpers/garages_helper.rb": {
        "lines": [
          1,
          null
        ],
        "branches": {}
      },
      "/home/rently-coimbatore/my_rails_app/app/helpers/home_helper.rb": {
        "lines": [
          1,
          null
        ],
        "branches": {}
      },
      "/home/rently-coimbatore/my_rails_app/app/models/admin_user.rb": {
        "lines": [
          1,
          null,
          null,
          1,
          null,
          null,
          1,
          0,
          null,
          null
        ],
        "branches": {}
      },
      "/home/rently-coimbatore/my_rails_app/app/models/application_record.rb": {
        "lines": [
          1,
          1,
          null
        ],
        "branches": {}
      },
      "/home/rently-coimbatore/my_rails_app/app/admin/admin_users.rb": {
        "lines": [
          1,
          1,
          null,
          1,
          0,
          0,
          0,
          0,
          0,
          0,
          0,
          null,
          null,
          1,
          1,
          1,
          1,
          null,
          1,
          0,
          0,
          0,
          0,
          null,
          0,
          null,
          null,
          null
        ],
        "branches": {}
      },
      "/home/rently-coimbatore/my_rails_app/app/admin/bookings.rb": {
        "lines": [
          1,
          null,
          null,
          null,
          null,
          null,
          null,
          null,
          null,
          null,
          null,
          null,
          null,
          null,
          null,
          null,
          null,
          1,
          1,
          1,
          1,
          1,
          1,
          1,
          null
        ],
        "branches": {}
      },
      "/home/rently-coimbatore/my_rails_app/app/models/booking.rb": {
        "lines": [
          1,
          1,
          1,
          1,
          1,
          null,
          1,
          1,
          1,
          null,
          1,
          null,
          null,
          null,
          null,
          null,
          null,
          null,
          null,
          null,
          1,
          null,
          1,
          1,
          1,
          1,
          null,
          null,
          1,
          9,
          null,
          null,
          1,
          0,
          null,
          null,
          1,
          1,
          53,
          1,
          null,
          null,
          null,
          1,
          43,
          null,
          null,
          null,
          null,
          null,
          null,
          1,
          90,
          null,
          null
        ],
        "branches": {
          "[:if, 0, 39, 4, 41, 7]": {
            "[:then, 1, 40, 6, 40, 55]": 1,
            "[:else, 2, 39, 4, 41, 7]": 52
          }
        }
      },
      "/home/rently-coimbatore/my_rails_app/app/admin/cars.rb": {
        "lines": [
          1,
          null,
          null,
          null,
          null,
          null,
          null,
          null,
          null,
          null,
          null,
          null,
          null,
          null,
          null,
          null,
          1,
          1,
          1,
          null,
          1,
          0,
          0,
          0,
          0,
          0,
          0,
          0,
          0,
          null,
          null,
          1,
          0,
          0,
          0,
          0,
          0,
          0,
          null,
          0,
          null,
          null,
          1,
          0,
          0,
          0,
          0,
          0,
          0,
          0,
          0,
          null,
          null,
          null,
          0,
          null,
          0,
          null,
          0,
          0,
          0,
          0,
          0,
          null,
          0,
          0,
          0,
          null,
          null,
          null,
          null,
          null
        ],
        "branches": {
          "[:if, 0, 51, 8, 51, 43]": {
            "[:then, 1, 51, 8, 51, 26]": 0,
            "[:else, 2, 51, 8, 51, 43]": 0
          },
          "[:if, 3, 55, 4, 69, 7]": {
            "[:then, 4, 57, 6, 68, 9]": 0,
            "[:else, 5, 55, 4, 69, 7]": 0
          },
          "[:if, 6, 58, 8, 67, 32]": {
            "[:then, 7, 58, 8, 67, 11]": 0,
            "[:else, 8, 58, 8, 67, 32]": 0
          },
          "[:if, 9, 63, 12, 63, 65]": {
            "[:then, 10, 63, 12, 63, 39]": 0,
            "[:else, 11, 63, 12, 63, 65]": 0
          }
        }
      },
      "/home/rently-coimbatore/my_rails_app/app/models/car.rb": {
        "lines": [
          1,
          1,
          null,
          1,
          1,
          1,
          1,
          null,
          1,
          1,
          null,
          1,
          0,
          null,
          null,
          1,
          0,
          null,
          null,
          1,
          0,
          null,
          null,
          null,
          1,
          1,
          72,
          null,
          null,
          null,
          null,
          null,
          null,
          null
        ],
        "branches": {}
      },
      "/home/rently-coimbatore/my_rails_app/app/admin/dashboard.rb": {
        "lines": [
          null,
          1,
          1,
          null,
          1,
          0,
          0,
          0,
          0,
          null,
          null,
          null,
          null,
          null,
          null,
          null,
          null,
          null,
          null,
          null,
          null,
          null,
          null,
          null,
          null,
          null,
          null,
          null,
          null,
          null,
          null,
          null,
          null
        ],
        "branches": {}
      },
      "/home/rently-coimbatore/my_rails_app/app/admin/service_centers.rb": {
        "lines": [
          1,
          null,
          null,
          null,
          null,
          null,
          null,
          1,
          null,
          null,
          null,
          null,
          null,
          null,
          null,
          null,
          null,
          1,
          0,
          0,
          0,
          0,
          0,
          0,
          0,
          0,
          null,
          null,
          1,
          1,
          1,
          1,
          1,
          null,
          null,
          1,
          0,
          0,
          0,
          0,
          null,
          0,
          null,
          null,
          1,
          0,
          0,
          0,
          0,
          0,
          0,
          0,
          null,
          null,
          0,
          0,
          0,
          0,
          0,
          0,
          null,
          null,
          null,
          null,
          null
        ],
        "branches": {
          "[:if, 0, 55, 4, 63, 7]": {
            "[:then, 1, 56, 6, 62, 9]": 0,
            "[:else, 2, 55, 4, 63, 7]": 0
          }
        }
      },
      "/home/rently-coimbatore/my_rails_app/app/models/service_center.rb": {
        "lines": [
          1,
          1,
          1,
          1,
          1,
          1,
          null,
          1,
          null,
          1,
          1,
          1,
          1,
          null,
          1,
          0,
          null,
          null,
          1,
          0,
          null,
          null,
          1,
          2,
          null,
          null,
          1,
          1,
          30,
          null,
          null,
          null,
          null,
          null,
          null,
          null,
          null
        ],
        "branches": {}
      },
      "/home/rently-coimbatore/my_rails_app/app/admin/users.rb": {
        "lines": [
          1,
          null,
          null,
          null,
          null,
          null,
          null,
          1,
          null,
          null,
          null,
          null,
          null,
          null,
          null,
          null,
          null,
          1,
          0,
          0,
          0,
          0,
          0,
          0,
          0,
          0,
          null,
          0,
          null,
          null,
          0,
          null,
          null,
          1,
          1,
          1,
          null,
          1,
          0,
          0,
          0,
          null,
          0,
          null,
          null,
          1,
          0,
          0,
          0,
          0,
          0,
          null,
          null,
          0,
          0,
          0,
          0,
          0,
          null,
          null,
          null,
          null
        ],
        "branches": {
          "[:if, 0, 25, 6, 29, 9]": {
            "[:then, 1, 26, 8, 26, 23]": 0,
            "[:else, 2, 28, 8, 28, 13]": 0
          }
        }
      },
      "/home/rently-coimbatore/my_rails_app/app/models/user.rb": {
        "lines": [
          1,
          null,
          null,
          1,
          null,
          1,
          null,
          null,
          1,
          0,
          null,
          null,
          1,
          0,
          null,
          null,
          1,
          0,
          null,
          null,
          1,
          0,
          null,
          null,
          1,
          null
        ],
        "branches": {}
      },
      "/home/rently-coimbatore/my_rails_app/app/controllers/cars_controller.rb": {
        "lines": [
          1,
          1,
          null,
          null,
          1,
          1,
          null,
          null,
          null,
          1,
          null,
          null,
          null,
          1,
          1,
          null,
          null,
          null,
          1,
          null,
          null,
          null,
          1,
          1,
          1,
          null,
          1,
          1,
          2,
          1,
          null,
          0,
          0,
          0,
          null,
          null,
          null,
          null,
          null,
          1,
          1,
          1,
          2,
          1,
          null,
          0,
          0,
          null,
          null,
          null,
          null,
          null,
          1,
          1,
          null,
          1,
          2,
          1,
          null,
          null,
          null,
          1,
          null,
          1,
          3,
          null,
          null,
          null,
          1,
          2,
          null,
          null
        ],
        "branches": {
          "[:if, 0, 25, 4, 25, 61]": {
            "[:then, 1, 25, 4, 25, 39]": 1,
            "[:else, 2, 25, 4, 25, 61]": 0
          },
          "[:if, 3, 28, 6, 35, 9]": {
            "[:then, 4, 29, 8, 30, 70]": 1,
            "[:else, 5, 32, 8, 34, 79]": 0
          },
          "[:if, 6, 42, 6, 48, 9]": {
            "[:then, 7, 43, 8, 44, 65]": 1,
            "[:else, 8, 46, 8, 47, 79]": 0
          }
        }
      },
      "/home/rently-coimbatore/my_rails_app/app/controllers/user_controller.rb": {
        "lines": [
          1,
          1,
          null
        ],
        "branches": {}
      },
      "/home/rently-coimbatore/my_rails_app/app/models/document.rb": {
        "lines": [
          1,
          1,
          null,
          1,
          null,
          null,
          null,
          1,
          null
        ],
        "branches": {}
      },
      "/home/rently-coimbatore/my_rails_app/app/models/invoice.rb": {
        "lines": [
          1,
          1,
          1,
          null,
          1,
          null
        ],
        "branches": {}
      },
      "/home/rently-coimbatore/my_rails_app/app/controllers/api/v1/bookings_controller.rb": {
        "lines": [
          1,
          1,
          1,
          1,
          1,
          1,
          null,
          1,
          0,
          0,
          null,
          null,
          null,
          null,
          null,
          null,
          null,
          null,
          null,
          1,
          1,
          1,
          null,
          null,
          null,
          null,
          null,
          null,
          null,
          null,
          null,
          null,
          1,
          1,
          1,
          1,
          null,
          null,
          1,
          1,
          null,
          null,
          null,
          null,
          null,
          null,
          null,
          1,
          3,
          3,
          3,
          2,
          2,
          null,
          1,
          null,
          null,
          null,
          1,
          1,
          1,
          1,
          null,
          1,
          1,
          null,
          null,
          1,
          1,
          null,
          1,
          1,
          1,
          null,
          0,
          0,
          null,
          null,
          0,
          0,
          null,
          null,
          null,
          1,
          2,
          2,
          null,
          1,
          1,
          1,
          null,
          0,
          0,
          null,
          null,
          1,
          1,
          null,
          null,
          null,
          1,
          null,
          1,
          1,
          1,
          null,
          0,
          0,
          null,
          null,
          null,
          null,
          1,
          1,
          8,
          null,
          5,
          5,
          null,
          null,
          1,
          5,
          null,
          null,
          1,
          15,
          null,
          null,
          null,
          null
        ],
        "branches": {
          "[:if, 0, 21, 8, 30, 11]": {
            "[:then, 1, 22, 10, 29, 24]": 1,
            "[:else, 2, 21, 8, 30, 11]": 0
          },
          "[:if, 3, 51, 8, 56, 11]": {
            "[:then, 4, 52, 10, 53, 21]": 2,
            "[:else, 5, 55, 17, 55, 22]": 1
          },
          "[:if, 6, 86, 8, 98, 11]": {
            "[:then, 7, 88, 12, 93, 91]": 1,
            "[:else, 8, 96, 10, 97, 145]": 1
          },
          "[:if, 9, 117, 8, 117, 95]": {
            "[:then, 10, 117, 8, 117, 78]": 0,
            "[:else, 11, 117, 8, 117, 95]": 5
          },
          "[:if, 12, 118, 8, 118, 155]": {
            "[:then, 13, 118, 15, 118, 106]": 0,
            "[:else, 14, 118, 8, 118, 155]": 5
          },
          "[:if, 15, 126, 8, 126, 73]": {
            "[:then, 16, 126, 8, 126, 53]": 15,
            "[:else, 17, 126, 8, 126, 73]": 0
          }
        }
      },
      "/home/rently-coimbatore/my_rails_app/app/controllers/api/v1/cars_controller.rb": {
        "lines": [
          1,
          1,
          1,
          1,
          1,
          1,
          null,
          null,
          1,
          1,
          1,
          1,
          null,
          null,
          null,
          null,
          null,
          null,
          null,
          null,
          null,
          null,
          null,
          null,
          null,
          1,
          1,
          null,
          null,
          null,
          null,
          null,
          null,
          null,
          null,
          null,
          null,
          null,
          1,
          1,
          1,
          null,
          null,
          null,
          null,
          null,
          1,
          1,
          1,
          null,
          null,
          1,
          1,
          null,
          0,
          0,
          null,
          null,
          null,
          1,
          0,
          null,
          null,
          null,
          null,
          null,
          null,
          1,
          null,
          1,
          1,
          null,
          0,
          0,
          null,
          null,
          null,
          1,
          null,
          1,
          1,
          null,
          0,
          0,
          null,
          null,
          null,
          1,
          1,
          6,
          null,
          6,
          4,
          null,
          null,
          1,
          2,
          null,
          null,
          null,
          null,
          1,
          8,
          null,
          null,
          null,
          null
        ],
        "branches": {
          "[:if, 0, 49, 8, 49, 65]": {
            "[:then, 1, 49, 8, 49, 43]": 1,
            "[:else, 2, 49, 8, 49, 65]": 0
          },
          "[:if, 3, 92, 8, 92, 87]": {
            "[:then, 4, 92, 8, 92, 74]": 2,
            "[:else, 5, 92, 8, 92, 87]": 4
          },
          "[:if, 6, 93, 8, 93, 148]": {
            "[:then, 7, 93, 15, 93, 103]": 1,
            "[:else, 8, 93, 8, 93, 148]": 3
          },
          "[:if, 9, 103, 8, 103, 73]": {
            "[:then, 10, 103, 8, 103, 53]": 8,
            "[:else, 11, 103, 8, 103, 73]": 0
          }
        }
      },
      "/home/rently-coimbatore/my_rails_app/app/controllers/api/v1/garages_controller.rb": {
        "lines": [
          1,
          1,
          1,
          1,
          1,
          null,
          1,
          1,
          1,
          null,
          null,
          null,
          null,
          1,
          2,
          null,
          2,
          2,
          null,
          null,
          null,
          null,
          null,
          null,
          null,
          null,
          null,
          null,
          null,
          null,
          null,
          null,
          1,
          1,
          3,
          null,
          null,
          null,
          null,
          null
        ],
        "branches": {
          "[:if, 0, 35, 8, 35, 73]": {
            "[:then, 1, 35, 8, 35, 53]": 3,
            "[:else, 2, 35, 8, 35, 73]": 0
          }
        }
      },
      "/home/rently-coimbatore/my_rails_app/app/controllers/api/v1/service_types_controller.rb": {
        "lines": [
          1,
          1,
          1,
          1,
          null,
          1,
          1,
          1,
          null,
          null,
          null,
          null
        ],
        "branches": {}
      },
      "/home/rently-coimbatore/my_rails_app/app/controllers/api/v1/vehicle_brands_controller.rb": {
        "lines": [
          1,
          1,
          1,
          1,
          null,
          1,
          1,
          1,
          null,
          null,
          null,
          null
        ],
        "branches": {}
      },
      "/home/rently-coimbatore/my_rails_app/app/services/center_matching_service.rb": {
        "lines": [
          1,
          1,
          5,
          5,
          5,
          null,
          5,
          null,
          null,
          null,
          null,
          5,
          null,
          5,
          12,
          null,
          null,
          5,
          null,
          5,
          3,
          3,
          3,
          null,
          null,
          null
        ],
        "branches": {}
      },
      "/home/rently-coimbatore/my_rails_app/app/models/car_owner.rb": {
        "lines": [
          1,
          1,
          1,
          1,
          null,
          1,
          0,
          null,
          null
        ],
        "branches": {}
      },
      "/home/rently-coimbatore/my_rails_app/app/models/vehicle_brand.rb": {
        "lines": [
          1,
          1,
          1,
          1,
          1,
          null,
          1,
          0,
          null,
          null
        ],
        "branches": {}
      },
      "/home/rently-coimbatore/my_rails_app/app/models/garage_admin.rb": {
        "lines": [
          1,
          1,
          1,
          1,
          null,
          null
        ],
        "branches": {}
      },
      "/home/rently-coimbatore/my_rails_app/app/models/service_type.rb": {
        "lines": [
          1,
          1,
          1,
          0,
          null,
          null
        ],
        "branches": {}
      },
      "/home/rently-coimbatore/my_rails_app/app/models/service_center_brand.rb": {
        "lines": [
          1,
          1,
          1,
          null
        ],
        "branches": {}
      },
      "/home/rently-coimbatore/my_rails_app/app/controllers/api/v1/garage_bookings_controller.rb": {
        "lines": [
          1,
          1,
          1,
          1,
          1,
          1,
          1,
          null,
          1,
          2,
          null,
          2,
          1,
          null,
          2,
          2,
          null,
          null,
          null,
          null,
          null,
          null,
          null,
          null,
          null,
          null,
          null,
          null,
          null,
          null,
          1,
          1,
          null,
          null,
          null,
          null,
          null,
          null,
          1,
          null,
          2,
          1,
          null,
          1,
          1,
          null,
          null,
          null,
          1,
          1,
          5,
          5,
          0,
          null,
          null,
          null,
          null,
          1,
          3,
          null,
          null,
          1,
          2,
          null,
          null,
          1,
          5,
          null,
          null,
          null,
          null
        ],
        "branches": {
          "[:if, 0, 12, 8, 14, 11]": {
            "[:then, 1, 13, 10, 13, 39]": 1,
            "[:else, 2, 12, 8, 14, 11]": 1
          },
          "[:if, 3, 52, 8, 54, 11]": {
            "[:then, 4, 53, 10, 53, 101]": 0,
            "[:else, 5, 52, 8, 54, 11]": 5
          },
          "[:if, 6, 67, 8, 67, 73]": {
            "[:then, 7, 67, 8, 67, 53]": 5,
            "[:else, 8, 67, 8, 67, 73]": 0
          }
        }
      },
      "/home/rently-coimbatore/my_rails_app/app/channels/application_cable/channel.rb": {
        "lines": [
          0,
          0,
          0,
          0
        ],
        "branches": {}
      },
      "/home/rently-coimbatore/my_rails_app/app/channels/application_cable/connection.rb": {
        "lines": [
          0,
          0,
          0,
          0
        ],
        "branches": {}
      },
      "/home/rently-coimbatore/my_rails_app/app/controllers/api/v1/garage_vehicle_brands_controller.rb": {
        "lines": [
          0,
          0,
          0,
          0,
          0,
          null,
          0,
          0,
          0,
          null,
          0,
          0,
          0,
          0,
          0,
          0,
          0,
          0,
          0,
          null,
          0,
          0,
          null,
          null,
          0,
          null,
          null,
          0,
          0,
          0,
          null,
          0,
          0,
          0,
          0,
          0,
          0,
          0,
          null,
          0,
          null,
          0,
          0,
          0,
          0,
          0,
          0,
          0,
          null,
          0,
          0,
          0,
          0,
          0,
          0,
          0,
          null,
          0,
          0,
          0,
          0,
          0,
          null,
          0,
          0,
          0,
          0,
          0,
          0,
          0
        ],
        "branches": {}
      },
      "/home/rently-coimbatore/my_rails_app/app/controllers/api/v1/home_controller.rb": {
        "lines": [
          0,
          0,
          0,
          0,
          0,
          0,
          null,
          0,
          0,
          0,
          0,
          0,
          0
        ],
        "branches": {}
      },
      "/home/rently-coimbatore/my_rails_app/app/controllers/bookings_controller.rb": {
        "lines": [
          0,
          0,
          null,
          null,
          0,
          0,
          0,
          null,
          null,
          0,
          0,
          null,
          null,
          0,
          0,
          0,
          0,
          null,
          null,
          null,
          0,
          0,
          null,
          0,
          0,
          0,
          0,
          0,
          0,
          0,
          0,
          0,
          0,
          null,
          null,
          0,
          0,
          0,
          0,
          null,
          0,
          0,
          null,
          0,
          0,
          0,
          0,
          0,
          0,
          0,
          0,
          0,
          0,
          0,
          0,
          0,
          0,
          0,
          0,
          null,
          null,
          null,
          null,
          0,
          0,
          0,
          0,
          0,
          0,
          0,
          0,
          0,
          0,
          0,
          0,
          0,
          0,
          0,
          0,
          0,
          null,
          null,
          0,
          0,
          0,
          null,
          0,
          0,
          0,
          0,
          0,
          null,
          0,
          null,
          0,
          0,
          0,
          null,
          null,
          0,
          0,
          0,
          0
        ],
        "branches": {}
      },
      "/home/rently-coimbatore/my_rails_app/app/controllers/garage_bookings_controller.rb": {
        "lines": [
          0,
          null,
          0,
          0,
          0,
          null,
          0,
          0,
          0,
          null,
          0,
          0,
          null,
          0,
          0,
          0,
          0,
          0,
          0,
          0,
          0,
          null,
          0,
          0,
          0,
          0,
          null,
          0,
          0,
          0,
          null,
          0,
          0,
          0,
          0
        ],
        "branches": {}
      },
      "/home/rently-coimbatore/my_rails_app/app/controllers/garages_controller.rb": {
        "lines": [
          0,
          0,
          0,
          0,
          0,
          null,
          0,
          0,
          0,
          0,
          0
        ],
        "branches": {}
      },
      "/home/rently-coimbatore/my_rails_app/app/controllers/home_controller.rb": {
        "lines": [
          0,
          null,
          0,
          0,
          null,
          0,
          0,
          0
        ],
        "branches": {}
      },
      "/home/rently-coimbatore/my_rails_app/app/controllers/users/confirmations_controller.rb": {
        "lines": [
          null,
          null,
          0,
          null,
          null,
          null,
          null,
          null,
          null,
          null,
          null,
          null,
          null,
          null,
          null,
          null,
          null,
          null,
          null,
          null,
          null,
          null,
          null,
          null,
          null,
          null,
          null,
          null,
          null,
          0
        ],
        "branches": {}
      },
      "/home/rently-coimbatore/my_rails_app/app/controllers/users/omniauth_callbacks_controller.rb": {
        "lines": [
          null,
          null,
          0,
          null,
          null,
          null,
          null,
          null,
          null,
          null,
          null,
          null,
          null,
          null,
          null,
          null,
          null,
          null,
          null,
          null,
          null,
          null,
          null,
          null,
          null,
          null,
          null,
          null,
          null,
          0
        ],
        "branches": {}
      },
      "/home/rently-coimbatore/my_rails_app/app/controllers/users/passwords_controller.rb": {
        "lines": [
          null,
          null,
          0,
          null,
          null,
          null,
          null,
          null,
          null,
          null,
          null,
          null,
          null,
          null,
          null,
          null,
          null,
          null,
          null,
          null,
          null,
          null,
          null,
          null,
          null,
          null,
          null,
          null,
          null,
          null,
          null,
          null,
          null,
          0
        ],
        "branches": {}
      },
      "/home/rently-coimbatore/my_rails_app/app/controllers/users/registrations_controller.rb": {
        "lines": [
          null,
          null,
          0,
          0,
          null,
          null,
          null,
          0,
          0,
          null,
          0,
          0,
          0,
          null,
          0,
          0,
          null,
          null,
          null,
          null,
          null,
          null,
          null,
          null,
          null,
          null,
          null,
          null,
          null,
          null,
          null,
          null,
          null,
          null,
          null,
          null,
          null,
          null,
          null,
          null,
          null,
          null,
          null,
          null,
          null,
          null,
          null,
          null,
          null,
          null,
          null,
          null,
          null,
          null,
          null,
          null,
          null,
          null,
          0,
          null,
          null,
          0,
          0,
          0,
          0,
          0,
          0,
          null,
          null,
          null,
          null,
          null,
          null,
          null,
          0,
          0,
          0,
          0,
          0,
          0,
          0,
          null,
          null,
          null,
          null,
          null,
          0
        ],
        "branches": {}
      },
      "/home/rently-coimbatore/my_rails_app/app/controllers/users/sessions_controller.rb": {
        "lines": [
          null,
          null,
          0,
          null,
          null,
          null,
          null,
          null,
          null,
          null,
          null,
          null,
          null,
          null,
          null,
          null,
          null,
          null,
          null,
          null,
          null,
          null,
          null,
          null,
          null,
          null,
          0
        ],
        "branches": {}
      },
      "/home/rently-coimbatore/my_rails_app/app/controllers/users/unlocks_controller.rb": {
        "lines": [
          null,
          null,
          0,
          null,
          null,
          null,
          null,
          null,
          null,
          null,
          null,
          null,
          null,
          null,
          null,
          null,
          null,
          null,
          null,
          null,
          null,
          null,
          null,
          null,
          null,
          null,
          null,
          null,
          null,
          0
        ],
        "branches": {}
      },
      "/home/rently-coimbatore/my_rails_app/app/jobs/application_job.rb": {
        "lines": [
          0,
          null,
          null,
          null,
          null,
          null,
          0
        ],
        "branches": {}
      },
      "/home/rently-coimbatore/my_rails_app/app/mailers/application_mailer.rb": {
        "lines": [
          0,
          0,
          0,
          0
        ],
        "branches": {}
      }
    },
    "timestamp": 1753264481
  }
}
